2025-06-19 14:19:10,560 - main - INFO - Starting UK Business Lead Generator v2.0.0
2025-06-19 14:19:10,566 - main - INFO - Performance monitoring started
2025-06-19 15:11:34,688 - main - INFO - Starting UK Business Lead Generator v2.0.0
2025-06-19 15:11:34,691 - main - INFO - Performance monitoring started
2025-06-19 15:13:40,984 - main - INFO - Starting UK Business Lead Generator v2.0.0
2025-06-19 15:13:40,988 - main - INFO - Performance monitoring started
2025-06-19 15:13:40,991 - main - INFO - Cache manager initialized
2025-06-19 15:13:40,992 - main - INFO - Data validator initialized
2025-06-19 15:13:40,999 - main - INFO - Configuration loaded
2025-06-19 15:13:41,018 - main - INFO - Database initialized
2025-06-19 15:14:48,530 - main - INFO - Starting UK Business Lead Generator v2.0.0
2025-06-19 15:14:48,534 - main - INFO - Performance monitoring started
2025-06-19 15:14:48,536 - main - INFO - Cache manager initialized
2025-06-19 15:14:48,538 - main - INFO - Data validator initialized
2025-06-19 15:14:48,542 - main - INFO - Configuration loaded
2025-06-19 15:14:48,549 - main - INFO - Database initialized
2025-06-19 15:14:48,551 - main - INFO - Automation manager initialized
2025-06-19 15:14:51,296 - main - INFO - Main window displayed
2025-06-19 15:14:51,298 - main - INFO - Application startup completed successfully
2025-06-19 15:21:09,677 - main - INFO - Starting UK Business Lead Generator v2.0.0
2025-06-19 15:21:09,681 - main - INFO - Performance monitoring started
2025-06-19 15:21:09,684 - main - INFO - Cache manager initialized
2025-06-19 15:21:09,686 - main - INFO - Data validator initialized
2025-06-19 15:21:09,692 - main - INFO - Configuration loaded
2025-06-19 15:21:09,699 - main - INFO - Database initialized
2025-06-19 15:21:09,702 - main - INFO - Automation manager initialized
2025-06-19 15:21:11,414 - main - INFO - Main window displayed
2025-06-19 15:21:11,416 - main - INFO - Application startup completed successfully
2025-06-19 15:46:36,100 - main - INFO - Application shutting down
2025-06-19 15:46:55,132 - main - INFO - Starting UK Business Lead Generator v2.0.0
2025-06-19 15:46:55,134 - main - INFO - Performance monitoring started
2025-06-19 15:46:55,134 - main - INFO - Cache manager initialized
2025-06-19 15:46:55,135 - main - INFO - Data validator initialized
2025-06-19 15:46:55,136 - main - INFO - Configuration loaded
2025-06-19 15:46:55,138 - main - INFO - Database initialized
2025-06-19 15:46:55,139 - main - INFO - Automation manager initialized
2025-06-19 15:46:56,290 - main - INFO - Main window displayed
2025-06-19 15:46:56,292 - main - INFO - Application startup completed successfully
2025-06-19 15:52:48,210 - main - INFO - Application shutting down
2025-06-19 15:53:16,893 - main - INFO - Starting UK Business Lead Generator v2.0.0
2025-06-19 15:53:16,894 - main - INFO - Performance monitoring started
2025-06-19 15:53:16,895 - main - INFO - Cache manager initialized
2025-06-19 15:53:16,895 - main - INFO - Data validator initialized
2025-06-19 15:53:16,897 - main - INFO - Configuration loaded
2025-06-19 15:53:16,898 - main - INFO - Database initialized
2025-06-19 15:53:16,899 - main - INFO - Automation manager initialized
2025-06-19 15:53:18,060 - main - INFO - Main window displayed
2025-06-19 15:53:18,062 - main - INFO - Application startup completed successfully
2025-06-19 15:55:14,886 - main - INFO - Application shutting down
2025-06-19 17:19:51,114 - main - INFO - Starting UK Business Lead Generator v2.0.0
2025-06-19 17:19:51,116 - main - INFO - Performance monitoring started
2025-06-19 17:19:51,117 - main - INFO - Cache manager initialized
2025-06-19 17:19:51,117 - main - INFO - Data validator initialized
2025-06-19 17:19:51,119 - main - INFO - Configuration loaded
2025-06-19 17:19:51,122 - main - INFO - Database initialized
2025-06-19 17:19:51,123 - main - INFO - Automation manager initialized
2025-06-19 17:19:52,921 - main - INFO - Main window displayed
2025-06-19 17:19:52,922 - main - INFO - Application startup completed successfully
2025-06-19 17:39:18,112 - main - INFO - Starting UK Business Lead Generator v2.0.0
2025-06-19 17:39:18,116 - main - INFO - Performance monitoring started
2025-06-19 17:39:18,117 - main - INFO - Cache manager initialized
2025-06-19 17:39:18,117 - main - INFO - Data validator initialized
2025-06-19 17:39:18,120 - main - INFO - Configuration loaded
2025-06-19 17:39:18,131 - main - INFO - Database initialized
2025-06-19 17:39:18,132 - main - INFO - Automation manager initialized
2025-06-19 17:39:19,536 - main - INFO - Main window displayed
2025-06-19 17:39:19,538 - main - INFO - Application startup completed successfully
2025-06-19 17:39:22,943 - main - INFO - Application shutting down
2025-06-19 18:31:30,607 - main - INFO - Starting UK Business Lead Generator v2.0.0
2025-06-19 18:31:30,609 - main - INFO - Performance monitoring started
2025-06-19 18:31:30,609 - main - INFO - Cache manager initialized
2025-06-19 18:31:30,610 - main - INFO - Data validator initialized
2025-06-19 18:31:30,612 - main - INFO - Configuration loaded
2025-06-19 18:31:30,622 - main - INFO - Database initialized
2025-06-19 18:31:30,623 - main - INFO - Automation manager initialized
2025-06-19 18:31:32,891 - main - INFO - Main window displayed
2025-06-19 18:31:32,893 - main - INFO - Application startup completed successfully
2025-06-19 18:47:39,797 - main - INFO - Application shutting down
2025-06-19 19:01:00,964 - main - INFO - Starting UK Business Lead Generator v2.0.0
2025-06-19 19:01:00,967 - main - INFO - Performance monitoring started
2025-06-19 19:01:00,969 - main - INFO - Cache manager initialized
2025-06-19 19:01:00,970 - main - INFO - Data validator initialized
2025-06-19 19:01:00,973 - main - INFO - Configuration loaded
2025-06-19 19:01:00,989 - main - INFO - Database initialized
2025-06-19 19:01:00,990 - main - INFO - Automation manager initialized
2025-06-19 19:01:02,514 - main - INFO - Main window displayed
2025-06-19 19:01:02,517 - main - INFO - Application startup completed successfully
2025-06-19 19:17:55,987 - main - INFO - Application shutting down
